2025-12-01T15:43:37.777Z | info | Server is running on http://127.0.0.1:4000
2025-12-01T15:43:37.830Z | info | DB connection
2025-12-01T15:43:39.018Z | info | Server is running on http://127.0.0.1:4000
2025-12-01T15:43:39.048Z | info | DB connection
2025-12-01T15:44:02.700Z | debug | LOGIN REQUEST: tuxtayevumid55@gmail.com
2025-12-01T15:44:04.011Z | info | Server is running on http://127.0.0.1:4000
2025-12-01T15:44:04.036Z | info | DB connection
2025-12-01T15:44:15.973Z | debug | LOGIN REQUEST: tuxtayevumid55@gmail.com
2025-12-01T15:44:16.223Z | info | LOGIN SUCCESS: tuxtayevumid55@gmail.com
2025-12-01T15:44:16.580Z | debug | AUTH: Authorized user tuxtayevumid55@gmail.com
2025-12-01T15:44:16.582Z | debug | GET ALL CATIGORI REQUEST: tuxtayevumid55@gmail.com
2025-12-01T15:44:16.631Z | debug | AUTH: Authorized user tuxtayevumid55@gmail.com
2025-12-01T15:44:16.634Z | debug | GET ALL CATIGORI REQUEST: tuxtayevumid55@gmail.com
2025-12-01T15:44:22.476Z | debug | AUTH: Authorized user tuxtayevumid55@gmail.com
2025-12-01T15:44:22.522Z | debug | AUTH: Authorized user tuxtayevumid55@gmail.com
2025-12-01T15:44:26.016Z | debug | AUTH: Authorized user tuxtayevumid55@gmail.com
2025-12-01T15:44:26.018Z | debug | GET ALL CATIGORI REQUEST: tuxtayevumid55@gmail.com
2025-12-01T15:44:26.031Z | debug | AUTH: Authorized user tuxtayevumid55@gmail.com
2025-12-01T15:44:26.032Z | debug | GET ALL CATIGORI REQUEST: tuxtayevumid55@gmail.com
2025-12-01T15:44:29.735Z | debug | AUTH: Authorized user tuxtayevumid55@gmail.com
2025-12-01T15:44:29.747Z | debug | AUTH: Authorized user tuxtayevumid55@gmail.com
2025-12-01T15:53:13.779Z | info | Server is running on http://127.0.0.1:4000
2025-12-01T15:53:13.823Z | info | DB connection
2025-12-01T15:53:18.510Z | debug | AUTH: Authorized user tuxtayevumid55@gmail.com
2025-12-01T15:53:18.538Z | debug | AUTH: Authorized user tuxtayevumid55@gmail.com
2025-12-01T15:53:47.612Z | debug | AUTH: Authorized user tuxtayevumid55@gmail.com
2025-12-01T15:53:47.614Z | debug | GET ALL CATIGORI REQUEST: tuxtayevumid55@gmail.com
2025-12-01T15:53:47.631Z | debug | AUTH: Authorized user tuxtayevumid55@gmail.com
2025-12-01T15:53:47.632Z | debug | GET ALL CATIGORI REQUEST: tuxtayevumid55@gmail.com
2025-12-01T15:54:53.645Z | debug | AUTH: Authorized user tuxtayevumid55@gmail.com
2025-12-01T15:54:57.071Z | info | 691eee2490c330c22c4993a0
2025-12-01T15:54:57.159Z | info | CAR CREATED: 692dba51f67dc701a0a17f58
2025-12-01T15:55:24.104Z | debug | AUTH: Authorized user tuxtayevumid55@gmail.com
2025-12-01T15:55:26.664Z | info | 691eee2490c330c22c4993a0
2025-12-01T15:55:26.690Z | info | CAR CREATED: 692dba6ef67dc701a0a17f5c
2025-12-01T15:55:37.373Z | debug | AUTH: Authorized user tuxtayevumid55@gmail.com
2025-12-01T15:55:37.374Z | debug | GET ALL CATIGORI REQUEST: tuxtayevumid55@gmail.com
2025-12-01T15:55:37.386Z | debug | AUTH: Authorized user tuxtayevumid55@gmail.com
2025-12-01T15:55:37.387Z | debug | GET ALL CATIGORI REQUEST: tuxtayevumid55@gmail.com
2025-12-01T15:55:39.388Z | debug | AUTH: Authorized user tuxtayevumid55@gmail.com
2025-12-01T15:55:39.410Z | debug | AUTH: Authorized user tuxtayevumid55@gmail.com
2025-12-01T16:07:40.220Z | debug | AUTH: Authorized user tuxtayevumid55@gmail.com
2025-12-01T16:07:40.221Z | debug | GET ALL CATIGORI REQUEST: tuxtayevumid55@gmail.com
2025-12-01T16:07:40.231Z | debug | AUTH: Authorized user tuxtayevumid55@gmail.com
2025-12-01T16:07:40.232Z | debug | GET ALL CATIGORI REQUEST: tuxtayevumid55@gmail.com
2025-12-01T16:09:02.302Z | debug | AUTH: Authorized user tuxtayevumid55@gmail.com
2025-12-01T16:09:02.303Z | debug | GET ALL CATIGORI REQUEST: tuxtayevumid55@gmail.com
2025-12-01T16:10:25.958Z | debug | AUTH: Authorized user tuxtayevumid55@gmail.com
2025-12-01T16:10:25.959Z | debug | GET ALL CATIGORI REQUEST: tuxtayevumid55@gmail.com
2025-12-01T16:10:25.973Z | debug | AUTH: Authorized user tuxtayevumid55@gmail.com
2025-12-01T16:10:25.974Z | debug | GET ALL CATIGORI REQUEST: tuxtayevumid55@gmail.com
2025-12-01T16:10:50.254Z | debug | AUTH: Authorized user tuxtayevumid55@gmail.com
2025-12-01T16:10:50.255Z | debug | GET ALL CATIGORI REQUEST: tuxtayevumid55@gmail.com
2025-12-01T16:10:50.265Z | debug | AUTH: Authorized user tuxtayevumid55@gmail.com
2025-12-01T16:10:50.266Z | debug | GET ALL CATIGORI REQUEST: tuxtayevumid55@gmail.com
2025-12-01T16:12:45.037Z | debug | AUTH: Authorized user tuxtayevumid55@gmail.com
2025-12-01T16:12:45.038Z | debug | GET ALL CATIGORI REQUEST: tuxtayevumid55@gmail.com
2025-12-01T16:12:45.049Z | debug | AUTH: Authorized user tuxtayevumid55@gmail.com
2025-12-01T16:12:45.050Z | debug | GET ALL CATIGORI REQUEST: tuxtayevumid55@gmail.com
2025-12-01T16:23:58.329Z | warn | AUTH: Invalid or expired access token
2025-12-01T16:23:58.333Z | error | AUTH ERROR: ClientError: Access token invalid or expired !
2025-12-01T16:23:58.347Z | warn | AUTH: Invalid or expired access token
2025-12-01T16:23:58.348Z | error | AUTH ERROR: ClientError: Access token invalid or expired !
2025-12-01T16:24:05.455Z | warn | AUTH: Invalid or expired access token
2025-12-01T16:24:05.456Z | error | AUTH ERROR: ClientError: Access token invalid or expired !
2025-12-01T16:24:05.463Z | warn | AUTH: Invalid or expired access token
2025-12-01T16:24:05.464Z | error | AUTH ERROR: ClientError: Access token invalid or expired !
2025-12-01T16:24:11.007Z | warn | AUTH: Invalid or expired access token
2025-12-01T16:24:11.009Z | error | AUTH ERROR: ClientError: Access token invalid or expired !
2025-12-01T16:24:11.014Z | warn | AUTH: Invalid or expired access token
2025-12-01T16:24:11.015Z | error | AUTH ERROR: ClientError: Access token invalid or expired !
2025-12-01T16:24:12.330Z | warn | AUTH: Invalid or expired access token
2025-12-01T16:24:12.331Z | error | AUTH ERROR: ClientError: Access token invalid or expired !
2025-12-01T16:24:12.336Z | warn | AUTH: Invalid or expired access token
2025-12-01T16:24:12.337Z | error | AUTH ERROR: ClientError: Access token invalid or expired !
2025-12-01T16:24:21.322Z | warn | AUTH: Invalid or expired access token
2025-12-01T16:24:21.322Z | error | AUTH ERROR: ClientError: Access token invalid or expired !
2025-12-01T16:24:21.329Z | warn | AUTH: Invalid or expired access token
2025-12-01T16:24:21.330Z | error | AUTH ERROR: ClientError: Access token invalid or expired !
2025-12-01T16:24:21.336Z | warn | AUTH: Invalid or expired access token
2025-12-01T16:24:21.337Z | error | AUTH ERROR: ClientError: Access token invalid or expired !
2025-12-01T16:24:21.344Z | warn | AUTH: Invalid or expired access token
2025-12-01T16:24:21.345Z | error | AUTH ERROR: ClientError: Access token invalid or expired !
2025-12-01T16:24:41.302Z | warn | AUTH: Invalid or expired access token
2025-12-01T16:24:41.303Z | error | AUTH ERROR: ClientError: Access token invalid or expired !
2025-12-01T16:24:41.310Z | warn | AUTH: Invalid or expired access token
2025-12-01T16:24:41.311Z | error | AUTH ERROR: ClientError: Access token invalid or expired !
2025-12-01T16:24:43.294Z | warn | AUTH: Invalid or expired access token
2025-12-01T16:24:43.295Z | error | AUTH ERROR: ClientError: Access token invalid or expired !
2025-12-01T16:24:43.301Z | warn | AUTH: Invalid or expired access token
2025-12-01T16:24:43.302Z | error | AUTH ERROR: ClientError: Access token invalid or expired !
2025-12-01T16:24:44.771Z | warn | AUTH: Invalid or expired access token
2025-12-01T16:24:44.771Z | error | AUTH ERROR: ClientError: Access token invalid or expired !
2025-12-01T16:24:44.775Z | warn | AUTH: Invalid or expired access token
2025-12-01T16:24:44.776Z | error | AUTH ERROR: ClientError: Access token invalid or expired !
2025-12-01T16:24:46.710Z | warn | AUTH: Invalid or expired access token
2025-12-01T16:24:46.711Z | error | AUTH ERROR: ClientError: Access token invalid or expired !
2025-12-01T16:24:46.715Z | warn | AUTH: Invalid or expired access token
2025-12-01T16:24:46.715Z | error | AUTH ERROR: ClientError: Access token invalid or expired !
2025-12-01T16:25:25.247Z | warn | AUTH: Invalid or expired access token
2025-12-01T16:25:25.248Z | error | AUTH ERROR: ClientError: Access token invalid or expired !
2025-12-01T16:25:25.254Z | warn | AUTH: Invalid or expired access token
2025-12-01T16:25:25.254Z | error | AUTH ERROR: ClientError: Access token invalid or expired !
2025-12-01T16:25:28.666Z | warn | AUTH: Invalid or expired access token
2025-12-01T16:25:28.667Z | error | AUTH ERROR: ClientError: Access token invalid or expired !
2025-12-01T16:25:28.672Z | warn | AUTH: Invalid or expired access token
2025-12-01T16:25:28.672Z | error | AUTH ERROR: ClientError: Access token invalid or expired !
2025-12-01T16:25:28.677Z | warn | AUTH: Invalid or expired access token
2025-12-01T16:25:28.678Z | error | AUTH ERROR: ClientError: Access token invalid or expired !
2025-12-01T16:25:28.683Z | warn | AUTH: Invalid or expired access token
2025-12-01T16:25:28.684Z | error | AUTH ERROR: ClientError: Access token invalid or expired !
2025-12-01T16:25:45.925Z | info | AUTH: No authorization header
2025-12-01T16:25:45.928Z | error | AUTH ERROR: ClientError: Authorization header missing !
2025-12-01T16:25:45.933Z | info | AUTH: No authorization header
2025-12-01T16:25:45.934Z | error | AUTH ERROR: ClientError: Authorization header missing !
2025-12-01T16:25:46.130Z | error | REFRESH ERROR: ClientError: Token missing !
2025-12-01T16:25:53.064Z | debug | LOGIN REQUEST: tuxtayevumid55@gmail.com
2025-12-01T16:25:53.338Z | info | LOGIN SUCCESS: tuxtayevumid55@gmail.com
2025-12-01T16:25:53.681Z | debug | AUTH: Authorized user tuxtayevumid55@gmail.com
2025-12-01T16:25:53.682Z | debug | GET ALL CATIGORI REQUEST: tuxtayevumid55@gmail.com
2025-12-01T16:25:53.703Z | debug | AUTH: Authorized user tuxtayevumid55@gmail.com
2025-12-01T16:25:53.704Z | debug | GET ALL CATIGORI REQUEST: tuxtayevumid55@gmail.com
2025-12-01T16:25:53.717Z | debug | AUTH: Authorized user tuxtayevumid55@gmail.com
2025-12-01T16:25:53.718Z | debug | GET ALL CATIGORI REQUEST: tuxtayevumid55@gmail.com
2025-12-01T16:25:53.731Z | debug | AUTH: Authorized user tuxtayevumid55@gmail.com
2025-12-01T16:25:53.732Z | debug | GET ALL CATIGORI REQUEST: tuxtayevumid55@gmail.com
2025-12-01T16:26:04.303Z | debug | AUTH: Authorized user tuxtayevumid55@gmail.com
2025-12-01T16:26:04.305Z | debug | GET ALL CATIGORI REQUEST: tuxtayevumid55@gmail.com
2025-12-01T16:26:04.320Z | debug | AUTH: Authorized user tuxtayevumid55@gmail.com
2025-12-01T16:26:04.321Z | debug | GET ALL CATIGORI REQUEST: tuxtayevumid55@gmail.com
2025-12-01T16:26:05.449Z | debug | AUTH: Authorized user tuxtayevumid55@gmail.com
2025-12-01T16:26:05.450Z | debug | GET ALL CATIGORI REQUEST: tuxtayevumid55@gmail.com
2025-12-01T16:26:05.457Z | debug | AUTH: Authorized user tuxtayevumid55@gmail.com
2025-12-01T16:26:05.458Z | debug | GET ALL CATIGORI REQUEST: tuxtayevumid55@gmail.com
2025-12-01T16:29:07.343Z | debug | AUTH: Authorized user tuxtayevumid55@gmail.com
2025-12-01T16:29:07.343Z | debug | GET ALL CATIGORI REQUEST: tuxtayevumid55@gmail.com
2025-12-01T16:29:07.353Z | debug | AUTH: Authorized user tuxtayevumid55@gmail.com
2025-12-01T16:29:07.354Z | debug | GET ALL CATIGORI REQUEST: tuxtayevumid55@gmail.com
2025-12-01T16:29:17.683Z | debug | AUTH: Authorized user tuxtayevumid55@gmail.com
2025-12-01T16:29:17.700Z | debug | AUTH: Authorized user tuxtayevumid55@gmail.com
2025-12-01T16:29:28.818Z | debug | AUTH: Authorized user tuxtayevumid55@gmail.com
2025-12-01T16:29:28.829Z | debug | AUTH: Authorized user tuxtayevumid55@gmail.com
2025-12-01T16:29:35.894Z | debug | AUTH: Authorized user tuxtayevumid55@gmail.com
2025-12-01T16:29:35.896Z | debug | GET ALL CATIGORI REQUEST: tuxtayevumid55@gmail.com
2025-12-01T16:29:35.914Z | debug | AUTH: Authorized user tuxtayevumid55@gmail.com
2025-12-01T16:29:35.915Z | debug | GET ALL CATIGORI REQUEST: tuxtayevumid55@gmail.com
2025-12-01T16:29:40.681Z | debug | AUTH: Authorized user tuxtayevumid55@gmail.com
2025-12-01T16:29:40.683Z | debug | GET ALL CATIGORI REQUEST: tuxtayevumid55@gmail.com
2025-12-01T16:29:40.699Z | debug | AUTH: Authorized user tuxtayevumid55@gmail.com
2025-12-01T16:29:40.700Z | debug | GET ALL CATIGORI REQUEST: tuxtayevumid55@gmail.com
2025-12-01T16:30:22.465Z | debug | AUTH: Authorized user tuxtayevumid55@gmail.com
2025-12-01T16:30:22.466Z | debug | GET ALL CATIGORI REQUEST: tuxtayevumid55@gmail.com
2025-12-01T16:30:22.482Z | debug | AUTH: Authorized user tuxtayevumid55@gmail.com
2025-12-01T16:30:22.484Z | debug | GET ALL CATIGORI REQUEST: tuxtayevumid55@gmail.com
2025-12-01T16:30:23.465Z | debug | AUTH: Authorized user tuxtayevumid55@gmail.com
2025-12-01T16:30:23.487Z | debug | AUTH: Authorized user tuxtayevumid55@gmail.com
2025-12-01T16:30:24.254Z | debug | AUTH: Authorized user tuxtayevumid55@gmail.com
2025-12-01T16:30:24.255Z | debug | GET ALL CATIGORI REQUEST: tuxtayevumid55@gmail.com
2025-12-01T16:30:24.276Z | debug | AUTH: Authorized user tuxtayevumid55@gmail.com
2025-12-01T16:30:24.278Z | debug | GET ALL CATIGORI REQUEST: tuxtayevumid55@gmail.com
2025-12-01T16:30:40.431Z | debug | AUTH: Authorized user tuxtayevumid55@gmail.com
2025-12-01T16:30:40.432Z | debug | GET ALL CATIGORI REQUEST: tuxtayevumid55@gmail.com
2025-12-01T16:30:40.444Z | debug | AUTH: Authorized user tuxtayevumid55@gmail.com
2025-12-01T16:30:40.446Z | debug | GET ALL CATIGORI REQUEST: tuxtayevumid55@gmail.com
2025-12-01T16:31:43.567Z | debug | AUTH: Authorized user tuxtayevumid55@gmail.com
2025-12-01T16:31:43.568Z | debug | GET ALL CATIGORI REQUEST: tuxtayevumid55@gmail.com
2025-12-01T16:31:43.582Z | debug | AUTH: Authorized user tuxtayevumid55@gmail.com
2025-12-01T16:31:43.583Z | debug | GET ALL CATIGORI REQUEST: tuxtayevumid55@gmail.com
2025-12-01T16:32:36.579Z | debug | AUTH: Authorized user tuxtayevumid55@gmail.com
2025-12-01T16:32:36.581Z | debug | GET ALL CATIGORI REQUEST: tuxtayevumid55@gmail.com
2025-12-01T16:32:36.594Z | debug | AUTH: Authorized user tuxtayevumid55@gmail.com
2025-12-01T16:32:36.595Z | debug | GET ALL CATIGORI REQUEST: tuxtayevumid55@gmail.com
2025-12-01T16:32:47.552Z | debug | AUTH: Authorized user tuxtayevumid55@gmail.com
2025-12-01T16:32:47.553Z | debug | GET ALL CATIGORI REQUEST: tuxtayevumid55@gmail.com
2025-12-01T16:32:47.567Z | debug | AUTH: Authorized user tuxtayevumid55@gmail.com
2025-12-01T16:32:47.568Z | debug | GET ALL CATIGORI REQUEST: tuxtayevumid55@gmail.com
2025-12-01T16:32:53.956Z | debug | AUTH: Authorized user tuxtayevumid55@gmail.com
2025-12-01T16:32:53.981Z | debug | AUTH: Authorized user tuxtayevumid55@gmail.com
2025-12-01T16:33:50.802Z | debug | AUTH: Authorized user tuxtayevumid55@gmail.com
2025-12-01T16:33:50.811Z | debug | GET ALL CATIGORI REQUEST: tuxtayevumid55@gmail.com
2025-12-01T16:33:50.836Z | debug | AUTH: Authorized user tuxtayevumid55@gmail.com
2025-12-01T16:33:50.839Z | debug | GET ALL CATIGORI REQUEST: tuxtayevumid55@gmail.com
2025-12-01T16:34:42.294Z | debug | AUTH: Authorized user tuxtayevumid55@gmail.com
2025-12-01T16:34:42.295Z | debug | GET ALL CATIGORI REQUEST: tuxtayevumid55@gmail.com
2025-12-01T16:34:42.316Z | debug | AUTH: Authorized user tuxtayevumid55@gmail.com
2025-12-01T16:34:42.317Z | debug | GET ALL CATIGORI REQUEST: tuxtayevumid55@gmail.com
2025-12-01T16:35:19.583Z | debug | AUTH: Authorized user tuxtayevumid55@gmail.com
2025-12-01T16:35:19.584Z | debug | GET ALL CATIGORI REQUEST: tuxtayevumid55@gmail.com
2025-12-01T16:35:24.394Z | debug | AUTH: Authorized user tuxtayevumid55@gmail.com
2025-12-01T16:35:24.396Z | debug | GET ALL CATIGORI REQUEST: tuxtayevumid55@gmail.com
2025-12-01T16:35:24.417Z | debug | AUTH: Authorized user tuxtayevumid55@gmail.com
2025-12-01T16:35:24.419Z | debug | GET ALL CATIGORI REQUEST: tuxtayevumid55@gmail.com
2025-12-01T16:35:31.396Z | debug | AUTH: Authorized user tuxtayevumid55@gmail.com
2025-12-01T16:35:31.413Z | debug | AUTH: Authorized user tuxtayevumid55@gmail.com
2025-12-01T16:46:53.315Z | debug | AUTH: Authorized user tuxtayevumid55@gmail.com
2025-12-01T16:46:53.316Z | debug | GET ALL CATIGORI REQUEST: tuxtayevumid55@gmail.com
2025-12-01T16:46:57.127Z | debug | AUTH: Authorized user tuxtayevumid55@gmail.com
2025-12-01T16:46:57.155Z | debug | AUTH: Authorized user tuxtayevumid55@gmail.com
2025-12-01T16:47:22.200Z | debug | AUTH: Authorized user tuxtayevumid55@gmail.com
2025-12-01T16:47:22.214Z | debug | AUTH: Authorized user tuxtayevumid55@gmail.com
2025-12-01T16:47:25.956Z | debug | AUTH: Authorized user tuxtayevumid55@gmail.com
2025-12-01T16:47:25.957Z | debug | GET ALL CATIGORI REQUEST: tuxtayevumid55@gmail.com
2025-12-01T16:47:25.992Z | debug | AUTH: Authorized user tuxtayevumid55@gmail.com
2025-12-01T16:47:25.993Z | debug | GET ALL CATIGORI REQUEST: tuxtayevumid55@gmail.com
2025-12-01T16:47:55.856Z | debug | AUTH: Authorized user tuxtayevumid55@gmail.com
2025-12-01T16:47:55.870Z | debug | AUTH: Authorized user tuxtayevumid55@gmail.com
2025-12-01T16:48:57.188Z | debug | AUTH: Authorized user tuxtayevumid55@gmail.com
2025-12-01T16:48:57.190Z | debug | GET ALL CATIGORI REQUEST: tuxtayevumid55@gmail.com
2025-12-01T16:48:57.207Z | debug | AUTH: Authorized user tuxtayevumid55@gmail.com
2025-12-01T16:48:57.209Z | debug | GET ALL CATIGORI REQUEST: tuxtayevumid55@gmail.com
2025-12-01T16:49:03.723Z | debug | AUTH: Authorized user tuxtayevumid55@gmail.com
2025-12-01T16:49:03.748Z | debug | AUTH: Authorized user tuxtayevumid55@gmail.com
2025-12-01T16:49:36.591Z | debug | AUTH: Authorized user tuxtayevumid55@gmail.com
2025-12-01T16:49:36.592Z | debug | GET ALL CATIGORI REQUEST: tuxtayevumid55@gmail.com
2025-12-01T16:49:36.605Z | debug | AUTH: Authorized user tuxtayevumid55@gmail.com
2025-12-01T16:49:36.606Z | debug | GET ALL CATIGORI REQUEST: tuxtayevumid55@gmail.com
2025-12-01T16:49:38.033Z | debug | AUTH: Authorized user tuxtayevumid55@gmail.com
2025-12-01T16:49:38.047Z | debug | AUTH: Authorized user tuxtayevumid55@gmail.com
2025-12-01T16:50:33.474Z | debug | AUTH: Authorized user tuxtayevumid55@gmail.com
2025-12-01T16:50:33.475Z | debug | GET ALL CATIGORI REQUEST: tuxtayevumid55@gmail.com
2025-12-01T16:50:33.497Z | debug | AUTH: Authorized user tuxtayevumid55@gmail.com
2025-12-01T16:50:33.499Z | debug | GET ALL CATIGORI REQUEST: tuxtayevumid55@gmail.com
2025-12-01T16:50:38.720Z | debug | AUTH: Authorized user tuxtayevumid55@gmail.com
2025-12-01T16:50:38.742Z | debug | AUTH: Authorized user tuxtayevumid55@gmail.com
2025-12-01T16:51:06.572Z | debug | AUTH: Authorized user tuxtayevumid55@gmail.com
2025-12-01T16:51:06.586Z | debug | AUTH: Authorized user tuxtayevumid55@gmail.com
2025-12-01T16:51:39.568Z | debug | AUTH: Authorized user tuxtayevumid55@gmail.com
2025-12-01T16:51:39.579Z | debug | AUTH: Authorized user tuxtayevumid55@gmail.com
2025-12-01T16:54:59.101Z | debug | AUTH: Authorized user tuxtayevumid55@gmail.com
2025-12-01T16:54:59.102Z | debug | GET ALL CATIGORI REQUEST: tuxtayevumid55@gmail.com
2025-12-01T16:54:59.119Z | debug | AUTH: Authorized user tuxtayevumid55@gmail.com
2025-12-01T16:54:59.120Z | debug | GET ALL CATIGORI REQUEST: tuxtayevumid55@gmail.com
2025-12-01T16:55:01.857Z | debug | AUTH: Authorized user tuxtayevumid55@gmail.com
2025-12-01T16:55:01.884Z | debug | AUTH: Authorized user tuxtayevumid55@gmail.com
2025-12-01T16:57:46.347Z | info | Server is running on http://127.0.0.1:4000
2025-12-01T16:57:46.378Z | info | DB connection
2025-12-01T16:57:47.452Z | info | Server is running on http://127.0.0.1:4000
2025-12-01T16:57:47.481Z | info | DB connection
2025-12-01T17:01:37.799Z | warn | AUTH: Invalid or expired access token
2025-12-01T17:01:37.800Z | error | AUTH ERROR: ClientError: Access token invalid or expired !
2025-12-01T17:01:37.806Z | warn | AUTH: Invalid or expired access token
2025-12-01T17:01:37.807Z | error | AUTH ERROR: ClientError: Access token invalid or expired !
2025-12-01T17:01:38.677Z | warn | AUTH: Invalid or expired access token
2025-12-01T17:01:38.678Z | error | AUTH ERROR: ClientError: Access token invalid or expired !
2025-12-01T17:01:38.682Z | warn | AUTH: Invalid or expired access token
2025-12-01T17:01:38.683Z | error | AUTH ERROR: ClientError: Access token invalid or expired !
2025-12-01T17:01:52.692Z | warn | AUTH: Invalid or expired access token
2025-12-01T17:01:52.693Z | error | AUTH ERROR: ClientError: Access token invalid or expired !
2025-12-01T17:01:52.701Z | warn | AUTH: Invalid or expired access token
2025-12-01T17:01:52.702Z | error | AUTH ERROR: ClientError: Access token invalid or expired !
2025-12-01T17:07:34.936Z | info | Server is running on http://127.0.0.1:4000
2025-12-01T17:07:34.967Z | info | DB connection
2025-12-01T17:07:36.285Z | info | Server is running on http://127.0.0.1:4000
2025-12-01T17:07:36.318Z | info | DB connection
2025-12-01T17:08:29.334Z | warn | AUTH: Invalid or expired access token
2025-12-01T17:08:29.335Z | error | AUTH ERROR: ClientError: Access token invalid or expired !
2025-12-01T17:08:33.158Z | warn | AUTH: Invalid or expired access token
2025-12-01T17:08:33.159Z | error | AUTH ERROR: ClientError: Access token invalid or expired !
2025-12-01T17:08:33.164Z | warn | AUTH: Invalid or expired access token
2025-12-01T17:08:33.165Z | error | AUTH ERROR: ClientError: Access token invalid or expired !
2025-12-01T17:09:47.372Z | info | AUTH: No authorization header
2025-12-01T17:09:47.373Z | error | AUTH ERROR: ClientError: Authorization header missing !
2025-12-01T17:10:22.329Z | warn | AUTH: Invalid or expired access token
2025-12-01T17:10:22.330Z | error | AUTH ERROR: ClientError: Access token invalid or expired !
2025-12-01T17:10:22.337Z | warn | AUTH: Invalid or expired access token
2025-12-01T17:10:22.338Z | error | AUTH ERROR: ClientError: Access token invalid or expired !
2025-12-01T17:10:34.298Z | warn | AUTH: Invalid or expired access token
2025-12-01T17:10:34.300Z | error | AUTH ERROR: ClientError: Access token invalid or expired !
2025-12-01T17:10:37.298Z | warn | AUTH: Invalid or expired access token
2025-12-01T17:10:37.299Z | error | AUTH ERROR: ClientError: Access token invalid or expired !
2025-12-01T17:11:58.086Z | warn | AUTH: Invalid or expired access token
2025-12-01T17:11:58.087Z | error | AUTH ERROR: ClientError: Access token invalid or expired !
2025-12-01T17:11:58.094Z | warn | AUTH: Invalid or expired access token
2025-12-01T17:11:58.095Z | error | AUTH ERROR: ClientError: Access token invalid or expired !
2025-12-01T17:12:11.359Z | warn | AUTH: Invalid or expired access token
2025-12-01T17:12:11.360Z | error | AUTH ERROR: ClientError: Access token invalid or expired !
2025-12-01T17:12:11.367Z | warn | AUTH: Invalid or expired access token
2025-12-01T17:12:11.368Z | error | AUTH ERROR: ClientError: Access token invalid or expired !
2025-12-01T17:12:26.339Z | warn | AUTH: Invalid or expired access token
2025-12-01T17:12:26.340Z | error | AUTH ERROR: ClientError: Access token invalid or expired !
2025-12-01T17:12:26.345Z | warn | AUTH: Invalid or expired access token
2025-12-01T17:12:26.346Z | error | AUTH ERROR: ClientError: Access token invalid or expired !
2025-12-01T17:12:27.502Z | error | REFRESH ERROR: ClientError: Token missing !
2025-12-01T17:12:28.632Z | info | Server is running on http://127.0.0.1:4000
2025-12-01T17:12:28.656Z | info | DB connection
2025-12-01T17:12:50.307Z | debug | LOGIN REQUEST: tuxtayevumid55@gmail.com
2025-12-01T17:12:50.527Z | info | LOGIN SUCCESS: tuxtayevumid55@gmail.com
2025-12-01T17:12:50.893Z | debug | AUTH: Authorized user tuxtayevumid55@gmail.com
2025-12-01T17:12:50.895Z | debug | GET ALL CATIGORI REQUEST: tuxtayevumid55@gmail.com
2025-12-01T17:12:50.918Z | debug | AUTH: Authorized user tuxtayevumid55@gmail.com
2025-12-01T17:12:50.919Z | debug | GET ALL CATIGORI REQUEST: tuxtayevumid55@gmail.com
2025-12-01T17:12:56.073Z | error | REFRESH ERROR: ClientError: Token missing !
2025-12-01T17:14:39.278Z | info | Server is running on http://127.0.0.1:4000
2025-12-01T17:14:39.303Z | info | DB connection
2025-12-01T17:17:17.163Z | debug | AUTH: Authorized user tuxtayevumid55@gmail.com
2025-12-01T17:17:17.166Z | debug | GET ALL CATIGORI REQUEST: tuxtayevumid55@gmail.com
2025-12-01T17:17:17.221Z | debug | AUTH: Authorized user tuxtayevumid55@gmail.com
2025-12-01T17:17:17.227Z | debug | GET ALL CATIGORI REQUEST: tuxtayevumid55@gmail.com
2025-12-01T17:17:19.118Z | error | REFRESH ERROR: ClientError: Token missing !
2025-12-01T17:20:22.844Z | debug | AUTH: Authorized user tuxtayevumid55@gmail.com
2025-12-01T17:20:22.845Z | debug | GET ALL CATIGORI REQUEST: tuxtayevumid55@gmail.com
2025-12-01T17:20:22.862Z | debug | AUTH: Authorized user tuxtayevumid55@gmail.com
2025-12-01T17:20:22.864Z | debug | GET ALL CATIGORI REQUEST: tuxtayevumid55@gmail.com
2025-12-01T17:20:24.300Z | error | REFRESH ERROR: ClientError: Token missing !
2025-12-01T17:21:26.856Z | debug | LOGIN REQUEST: tuxtayevumid55@gmail.com
2025-12-01T17:21:26.940Z | info | LOGIN SUCCESS: tuxtayevumid55@gmail.com
2025-12-01T17:21:27.260Z | debug | AUTH: Authorized user tuxtayevumid55@gmail.com
2025-12-01T17:21:27.260Z | debug | GET ALL CATIGORI REQUEST: tuxtayevumid55@gmail.com
2025-12-01T17:21:27.274Z | debug | AUTH: Authorized user tuxtayevumid55@gmail.com
2025-12-01T17:21:27.275Z | debug | GET ALL CATIGORI REQUEST: tuxtayevumid55@gmail.com
2025-12-01T17:21:33.851Z | error | REFRESH ERROR: ClientError: Token missing !
2025-12-01T17:25:52.778Z | error | REFRESH ERROR: ClientError: Token missing !
2025-12-01T17:25:56.343Z | debug | AUTH: Authorized user tuxtayevumid55@gmail.com
2025-12-01T17:25:56.344Z | debug | GET ALL CATIGORI REQUEST: tuxtayevumid55@gmail.com
2025-12-01T17:25:56.359Z | debug | AUTH: Authorized user tuxtayevumid55@gmail.com
2025-12-01T17:25:56.361Z | debug | GET ALL CATIGORI REQUEST: tuxtayevumid55@gmail.com
2025-12-01T17:25:57.781Z | error | REFRESH ERROR: ClientError: Token missing !
2025-12-01T17:26:11.109Z | info | AUTH: No authorization header
2025-12-01T17:26:11.111Z | error | AUTH ERROR: ClientError: Authorization header missing !
2025-12-01T17:26:11.116Z | info | AUTH: No authorization header
2025-12-01T17:26:11.118Z | error | AUTH ERROR: ClientError: Authorization header missing !
2025-12-01T17:26:11.146Z | error | REFRESH ERROR: ClientError: Token missing !
2025-12-01T17:26:22.914Z | debug | LOGIN REQUEST: tuxtayevumid55@gmail.com
2025-12-01T17:26:23.073Z | info | LOGIN SUCCESS: tuxtayevumid55@gmail.com
2025-12-01T17:26:23.401Z | debug | AUTH: Authorized user tuxtayevumid55@gmail.com
2025-12-01T17:26:23.402Z | debug | GET ALL CATIGORI REQUEST: tuxtayevumid55@gmail.com
2025-12-01T17:26:23.416Z | debug | AUTH: Authorized user tuxtayevumid55@gmail.com
2025-12-01T17:26:23.417Z | debug | GET ALL CATIGORI REQUEST: tuxtayevumid55@gmail.com
2025-12-01T17:26:28.331Z | error | REFRESH ERROR: ClientError: Token missing !
2025-12-01T17:27:59.184Z | info | Server is running on http://127.0.0.1:4000
2025-12-01T17:27:59.219Z | info | DB connection
2025-12-01T17:28:01.236Z | info | Server is running on http://127.0.0.1:4000
2025-12-01T17:28:01.262Z | info | DB connection
2025-12-01T17:28:04.278Z | error | REFRESH ERROR: ClientError: Token missing !
2025-12-01T17:28:06.516Z | debug | AUTH: Authorized user tuxtayevumid55@gmail.com
2025-12-01T17:28:06.517Z | debug | GET ALL CATIGORI REQUEST: tuxtayevumid55@gmail.com
2025-12-01T17:28:06.529Z | debug | AUTH: Authorized user tuxtayevumid55@gmail.com
2025-12-01T17:28:06.530Z | debug | GET ALL CATIGORI REQUEST: tuxtayevumid55@gmail.com
2025-12-01T17:28:06.762Z | debug | AUTH: Authorized user tuxtayevumid55@gmail.com
2025-12-01T17:28:06.762Z | debug | GET ALL CATIGORI REQUEST: tuxtayevumid55@gmail.com
2025-12-01T17:28:06.776Z | debug | AUTH: Authorized user tuxtayevumid55@gmail.com
2025-12-01T17:28:06.778Z | debug | GET ALL CATIGORI REQUEST: tuxtayevumid55@gmail.com
2025-12-01T17:28:07.019Z | debug | AUTH: Authorized user tuxtayevumid55@gmail.com
2025-12-01T17:28:07.020Z | debug | GET ALL CATIGORI REQUEST: tuxtayevumid55@gmail.com
2025-12-01T17:28:07.033Z | debug | AUTH: Authorized user tuxtayevumid55@gmail.com
2025-12-01T17:28:07.034Z | debug | GET ALL CATIGORI REQUEST: tuxtayevumid55@gmail.com
2025-12-01T17:28:07.294Z | debug | AUTH: Authorized user tuxtayevumid55@gmail.com
2025-12-01T17:28:07.295Z | debug | GET ALL CATIGORI REQUEST: tuxtayevumid55@gmail.com
2025-12-01T17:28:07.307Z | debug | AUTH: Authorized user tuxtayevumid55@gmail.com
2025-12-01T17:28:07.308Z | debug | GET ALL CATIGORI REQUEST: tuxtayevumid55@gmail.com
2025-12-01T17:28:07.951Z | error | REFRESH ERROR: ClientError: Token missing !
2025-12-01T17:28:20.361Z | debug | LOGIN REQUEST: tuxtayevumid55@gmail.com
2025-12-01T17:28:20.557Z | info | LOGIN SUCCESS: tuxtayevumid55@gmail.com
2025-12-01T17:28:20.891Z | debug | AUTH: Authorized user tuxtayevumid55@gmail.com
2025-12-01T17:28:20.892Z | debug | GET ALL CATIGORI REQUEST: tuxtayevumid55@gmail.com
2025-12-01T17:28:20.914Z | debug | AUTH: Authorized user tuxtayevumid55@gmail.com
2025-12-01T17:28:20.915Z | debug | GET ALL CATIGORI REQUEST: tuxtayevumid55@gmail.com
2025-12-01T17:28:25.051Z | error | REFRESH ERROR: ClientError: Token missing !
2025-12-01T17:30:35.813Z | info | Server is running on http://127.0.0.1:4000
2025-12-01T17:30:35.849Z | info | DB connection
2025-12-01T17:30:55.647Z | debug | LOGIN REQUEST: tuxtayevumid55@gmail.com
2025-12-01T17:30:55.868Z | info | LOGIN SUCCESS: tuxtayevumid55@gmail.com
2025-12-01T17:30:56.243Z | debug | AUTH: Authorized user tuxtayevumid55@gmail.com
2025-12-01T17:30:56.245Z | debug | GET ALL CATIGORI REQUEST: tuxtayevumid55@gmail.com
2025-12-01T17:30:56.268Z | debug | AUTH: Authorized user tuxtayevumid55@gmail.com
2025-12-01T17:30:56.269Z | debug | GET ALL CATIGORI REQUEST: tuxtayevumid55@gmail.com
2025-12-01T17:31:06.569Z | debug | AUTH: Authorized user tuxtayevumid55@gmail.com
2025-12-01T17:31:06.572Z | debug | GET ALL CATIGORI REQUEST: tuxtayevumid55@gmail.com
2025-12-01T17:31:06.588Z | debug | AUTH: Authorized user tuxtayevumid55@gmail.com
2025-12-01T17:31:06.590Z | debug | GET ALL CATIGORI REQUEST: tuxtayevumid55@gmail.com
2025-12-01T17:31:10.640Z | debug | AUTH: Authorized user tuxtayevumid55@gmail.com
2025-12-01T17:31:10.641Z | debug | GET ALL CATIGORI REQUEST: tuxtayevumid55@gmail.com
2025-12-01T17:31:10.665Z | debug | AUTH: Authorized user tuxtayevumid55@gmail.com
2025-12-01T17:31:10.669Z | debug | GET ALL CATIGORI REQUEST: tuxtayevumid55@gmail.com
2025-12-01T17:35:26.124Z | warn | AUTH: Invalid or expired access token
2025-12-01T17:35:26.126Z | error | AUTH ERROR: ClientError: Access token invalid or expired !
2025-12-01T17:35:26.130Z | warn | AUTH: Invalid or expired access token
2025-12-01T17:35:26.131Z | error | AUTH ERROR: ClientError: Access token invalid or expired !
2025-12-01T17:39:57.996Z | info | Server is running on http://127.0.0.1:4000
2025-12-01T17:39:58.020Z | info | DB connection
2025-12-01T17:40:34.328Z | warn | AUTH: Invalid or expired access token
2025-12-01T17:40:34.330Z | error | AUTH ERROR: ClientError: Access token invalid or expired !
2025-12-01T17:40:34.344Z | warn | AUTH: Invalid or expired access token
2025-12-01T17:40:34.346Z | error | AUTH ERROR: ClientError: Access token invalid or expired !
2025-12-01T17:40:35.611Z | warn | AUTH: Invalid or expired access token
2025-12-01T17:40:35.611Z | error | AUTH ERROR: ClientError: Access token invalid or expired !
2025-12-01T17:40:35.617Z | warn | AUTH: Invalid or expired access token
2025-12-01T17:40:35.619Z | error | AUTH ERROR: ClientError: Access token invalid or expired !
2025-12-01T17:40:46.237Z | debug | LOGIN REQUEST: tuxtayevumid55@gmail.com
2025-12-01T17:40:46.477Z | info | LOGIN SUCCESS: tuxtayevumid55@gmail.com
2025-12-01T17:40:46.873Z | debug | AUTH: Authorized user tuxtayevumid55@gmail.com
2025-12-01T17:40:46.875Z | debug | GET ALL CATIGORI REQUEST: tuxtayevumid55@gmail.com
2025-12-01T17:40:46.898Z | debug | AUTH: Authorized user tuxtayevumid55@gmail.com
2025-12-01T17:40:46.900Z | debug | GET ALL CATIGORI REQUEST: tuxtayevumid55@gmail.com
2025-12-01T17:41:34.423Z | error | REFRESH ERROR: ClientError: Token missing !
2025-12-01T17:41:37.362Z | debug | AUTH: Authorized user tuxtayevumid55@gmail.com
2025-12-01T17:41:37.363Z | debug | GET ALL CATIGORI REQUEST: tuxtayevumid55@gmail.com
2025-12-01T17:41:37.383Z | debug | AUTH: Authorized user tuxtayevumid55@gmail.com
2025-12-01T17:41:37.385Z | debug | GET ALL CATIGORI REQUEST: tuxtayevumid55@gmail.com
2025-12-01T17:41:39.511Z | debug | AUTH: Authorized user tuxtayevumid55@gmail.com
2025-12-01T17:41:39.512Z | debug | GET ALL CATIGORI REQUEST: tuxtayevumid55@gmail.com
2025-12-01T17:41:39.530Z | debug | AUTH: Authorized user tuxtayevumid55@gmail.com
2025-12-01T17:41:39.533Z | debug | GET ALL CATIGORI REQUEST: tuxtayevumid55@gmail.com
2025-12-01T17:41:44.336Z | debug | AUTH: Authorized user tuxtayevumid55@gmail.com
2025-12-01T17:41:44.340Z | debug | GET ALL CATIGORI REQUEST: tuxtayevumid55@gmail.com
2025-12-01T17:41:44.361Z | debug | AUTH: Authorized user tuxtayevumid55@gmail.com
2025-12-01T17:41:44.363Z | debug | GET ALL CATIGORI REQUEST: tuxtayevumid55@gmail.com
2025-12-01T17:41:47.713Z | debug | AUTH: Authorized user tuxtayevumid55@gmail.com
2025-12-01T17:41:47.754Z | debug | AUTH: Authorized user tuxtayevumid55@gmail.com
2025-12-01T17:41:54.274Z | debug | AUTH: Authorized user tuxtayevumid55@gmail.com
2025-12-01T17:41:54.276Z | debug | GET ALL CATIGORI REQUEST: tuxtayevumid55@gmail.com
2025-12-01T17:41:54.299Z | debug | AUTH: Authorized user tuxtayevumid55@gmail.com
2025-12-01T17:41:54.301Z | debug | GET ALL CATIGORI REQUEST: tuxtayevumid55@gmail.com
2025-12-01T17:41:57.084Z | debug | AUTH: Authorized user tuxtayevumid55@gmail.com
2025-12-01T17:41:57.086Z | debug | GET ALL CATIGORI REQUEST: tuxtayevumid55@gmail.com
2025-12-01T17:41:57.103Z | debug | AUTH: Authorized user tuxtayevumid55@gmail.com
2025-12-01T17:41:57.104Z | debug | GET ALL CATIGORI REQUEST: tuxtayevumid55@gmail.com
2025-12-01T17:41:58.830Z | debug | AUTH: Authorized user tuxtayevumid55@gmail.com
2025-12-01T17:41:58.849Z | debug | AUTH: Authorized user tuxtayevumid55@gmail.com
2025-12-01T17:42:48.454Z | warn | AUTH: Invalid or expired access token
2025-12-01T17:42:48.456Z | error | AUTH ERROR: ClientError: Access token invalid or expired !
2025-12-01T17:42:48.466Z | warn | AUTH: Invalid or expired access token
2025-12-01T17:42:48.468Z | error | AUTH ERROR: ClientError: Access token invalid or expired !
2025-12-01T17:51:43.015Z | info | Server is running on http://127.0.0.1:4000
2025-12-01T17:51:43.045Z | info | DB connection
2025-12-01T17:52:06.543Z | info | Server is running on http://127.0.0.1:4000
2025-12-01T17:52:06.568Z | info | DB connection
2025-12-01T17:52:26.862Z | debug | LOGIN REQUEST: tuxtayevumid55@gmail.com
2025-12-01T17:52:27.107Z | info | LOGIN SUCCESS: tuxtayevumid55@gmail.com
2025-12-01T17:52:27.519Z | debug | AUTH: Authorized user tuxtayevumid55@gmail.com
2025-12-01T17:52:27.521Z | debug | GET ALL CATIGORI REQUEST: tuxtayevumid55@gmail.com
2025-12-01T17:52:27.544Z | debug | AUTH: Authorized user tuxtayevumid55@gmail.com
2025-12-01T17:52:27.546Z | debug | GET ALL CATIGORI REQUEST: tuxtayevumid55@gmail.com
2025-12-01T17:53:50.401Z | debug | AUTH: Authorized user tuxtayevumid55@gmail.com
2025-12-01T17:53:50.402Z | debug | GET ALL CATIGORI REQUEST: tuxtayevumid55@gmail.com
2025-12-01T17:53:50.415Z | debug | AUTH: Authorized user tuxtayevumid55@gmail.com
2025-12-01T17:53:50.416Z | debug | GET ALL CATIGORI REQUEST: tuxtayevumid55@gmail.com
2025-12-01T17:58:34.774Z | warn | AUTH: Invalid or expired access token
2025-12-01T17:58:34.775Z | error | AUTH ERROR: ClientError: Access token invalid or expired !
2025-12-01T17:58:34.780Z | warn | AUTH: Invalid or expired access token
2025-12-01T17:58:34.781Z | error | AUTH ERROR: ClientError: Access token invalid or expired !
2025-12-01T17:59:08.935Z | info | Server is running on http://127.0.0.1:4000
2025-12-01T17:59:08.959Z | info | DB connection
2025-12-01T18:03:21.325Z | info | Server is running on http://127.0.0.1:4000
2025-12-01T18:03:21.364Z | info | DB connection
2025-12-01T18:04:39.618Z | info | Server is running on http://127.0.0.1:4000
2025-12-01T18:04:39.654Z | info | DB connection
2025-12-01T18:05:16.559Z | info | Server is running on http://127.0.0.1:4000
2025-12-01T18:05:16.584Z | info | DB connection
2025-12-01T18:05:17.530Z | info | Server is running on http://127.0.0.1:4000
2025-12-01T18:05:17.559Z | info | DB connection
2025-12-01T18:05:46.407Z | info | Server is running on http://127.0.0.1:4000
2025-12-01T18:05:46.431Z | info | DB connection
2025-12-01T18:06:14.193Z | info | Server is running on http://127.0.0.1:4000
2025-12-01T18:06:14.221Z | info | DB connection
2025-12-01T18:09:38.879Z | warn | AUTH: Invalid or expired access token
2025-12-01T18:09:38.880Z | error | AUTH ERROR: ClientError: Access token invalid or expired !
2025-12-01T18:09:38.890Z | warn | AUTH: Invalid or expired access token
2025-12-01T18:09:38.891Z | error | AUTH ERROR: ClientError: Access token invalid or expired !
2025-12-01T18:09:38.931Z | error | REFRESH ERROR: ClientError: Token missing !
2025-12-01T18:09:38.935Z | error | REFRESH ERROR: ClientError: Token missing !
2025-12-01T18:09:53.210Z | debug | LOGIN REQUEST: tuxtayevumid55@gmail.com
2025-12-01T18:09:53.404Z | info | LOGIN SUCCESS: tuxtayevumid55@gmail.com
2025-12-01T18:09:53.763Z | debug | AUTH: Authorized user tuxtayevumid55@gmail.com
2025-12-01T18:09:53.764Z | debug | GET ALL CATIGORI REQUEST: tuxtayevumid55@gmail.com
2025-12-01T18:09:53.779Z | debug | AUTH: Authorized user tuxtayevumid55@gmail.com
2025-12-01T18:09:53.780Z | debug | GET ALL CATIGORI REQUEST: tuxtayevumid55@gmail.com
2025-12-01T18:10:52.389Z | debug | AUTH: Authorized user tuxtayevumid55@gmail.com
2025-12-01T18:10:52.390Z | debug | GET ALL CATIGORI REQUEST: tuxtayevumid55@gmail.com
2025-12-01T18:10:52.404Z | debug | AUTH: Authorized user tuxtayevumid55@gmail.com
2025-12-01T18:10:52.405Z | debug | GET ALL CATIGORI REQUEST: tuxtayevumid55@gmail.com
2025-12-01T18:10:56.840Z | debug | AUTH: Authorized user tuxtayevumid55@gmail.com
2025-12-01T18:10:56.840Z | debug | GET ALL CATIGORI REQUEST: tuxtayevumid55@gmail.com
2025-12-01T18:10:56.850Z | debug | AUTH: Authorized user tuxtayevumid55@gmail.com
2025-12-01T18:10:56.850Z | debug | GET ALL CATIGORI REQUEST: tuxtayevumid55@gmail.com
2025-12-01T18:11:04.281Z | debug | AUTH: Authorized user tuxtayevumid55@gmail.com
2025-12-01T18:11:04.282Z | debug | GET ALL CATIGORI REQUEST: tuxtayevumid55@gmail.com
2025-12-01T18:11:04.292Z | debug | AUTH: Authorized user tuxtayevumid55@gmail.com
2025-12-01T18:11:04.293Z | debug | GET ALL CATIGORI REQUEST: tuxtayevumid55@gmail.com
2025-12-01T18:11:06.679Z | debug | AUTH: Authorized user tuxtayevumid55@gmail.com
2025-12-01T18:11:06.679Z | debug | GET ALL CATIGORI REQUEST: tuxtayevumid55@gmail.com
2025-12-01T18:11:06.688Z | debug | AUTH: Authorized user tuxtayevumid55@gmail.com
2025-12-01T18:11:06.689Z | debug | GET ALL CATIGORI REQUEST: tuxtayevumid55@gmail.com
2025-12-01T18:11:09.251Z | debug | AUTH: Authorized user tuxtayevumid55@gmail.com
2025-12-01T18:11:09.252Z | debug | GET ALL CATIGORI REQUEST: tuxtayevumid55@gmail.com
2025-12-01T18:11:09.262Z | debug | AUTH: Authorized user tuxtayevumid55@gmail.com
2025-12-01T18:11:09.262Z | debug | GET ALL CATIGORI REQUEST: tuxtayevumid55@gmail.com
2025-12-01T18:12:08.941Z | warn | AUTH: Invalid or expired access token
2025-12-01T18:12:08.942Z | error | AUTH ERROR: ClientError: Access token invalid or expired !
2025-12-01T18:12:08.947Z | warn | AUTH: Invalid or expired access token
2025-12-01T18:12:08.947Z | error | AUTH ERROR: ClientError: Access token invalid or expired !
2025-12-01T18:12:08.956Z | error | REFRESH ERROR: ClientError: Token missing !
2025-12-01T18:12:08.959Z | error | REFRESH ERROR: ClientError: Token missing !
2025-12-01T18:15:10.855Z | info | Server is running on http://127.0.0.1:4000
2025-12-01T18:15:10.880Z | info | DB connection
2025-12-01T18:15:51.051Z | info | Server is running on http://127.0.0.1:4000
2025-12-01T18:15:51.108Z | info | DB connection
2025-12-01T18:15:52.923Z | info | Server is running on http://127.0.0.1:4000
2025-12-01T18:15:52.957Z | info | DB connection
2025-12-01T18:16:06.834Z | info | Server is running on http://127.0.0.1:4000
2025-12-01T18:16:06.863Z | info | DB connection
2025-12-01T18:16:54.865Z | warn | AUTH: Invalid or expired access token
2025-12-01T18:16:54.877Z | warn | AUTH: Invalid or expired access token
2025-12-01T18:16:54.918Z | error | REFRESH ERROR: ClientError: Token missing !
2025-12-01T18:16:54.925Z | error | REFRESH ERROR: ClientError: Token missing !
2025-12-01T18:16:56.061Z | info | Server is running on http://127.0.0.1:4000
2025-12-01T18:16:56.101Z | info | DB connection
2025-12-01T18:19:05.782Z | debug | LOGIN REQUEST: tuxtayevumid55@gmail.com
2025-12-01T18:19:05.905Z | info | LOGIN SUCCESS: tuxtayevumid55@gmail.com
2025-12-01T18:19:06.246Z | debug | AUTH: Authorized user tuxtayevumid55@gmail.com
2025-12-01T18:19:06.247Z | debug | GET ALL CATIGORI REQUEST: tuxtayevumid55@gmail.com
2025-12-01T18:19:06.275Z | debug | AUTH: Authorized user tuxtayevumid55@gmail.com
2025-12-01T18:19:06.276Z | debug | GET ALL CATIGORI REQUEST: tuxtayevumid55@gmail.com
2025-12-01T18:21:06.240Z | debug | LOGIN REQUEST: tuxtayevumid55@gmail.com
2025-12-01T18:21:06.310Z | info | LOGIN SUCCESS: tuxtayevumid55@gmail.com
2025-12-01T18:21:06.647Z | debug | AUTH: Authorized user tuxtayevumid55@gmail.com
2025-12-01T18:21:06.647Z | debug | GET ALL CATIGORI REQUEST: tuxtayevumid55@gmail.com
2025-12-01T18:21:06.668Z | debug | AUTH: Authorized user tuxtayevumid55@gmail.com
2025-12-01T18:21:06.669Z | debug | GET ALL CATIGORI REQUEST: tuxtayevumid55@gmail.com
2025-12-01T18:23:45.795Z | debug | LOGIN REQUEST: tuxtayevumid55@gmail.com
2025-12-01T18:23:45.874Z | info | LOGIN SUCCESS: tuxtayevumid55@gmail.com
2025-12-01T18:23:46.214Z | debug | AUTH: Authorized user tuxtayevumid55@gmail.com
2025-12-01T18:23:46.215Z | debug | GET ALL CATIGORI REQUEST: tuxtayevumid55@gmail.com
2025-12-01T18:23:46.230Z | debug | AUTH: Authorized user tuxtayevumid55@gmail.com
2025-12-01T18:23:46.231Z | debug | GET ALL CATIGORI REQUEST: tuxtayevumid55@gmail.com
2025-12-01T18:24:03.248Z | debug | LOGIN REQUEST: tuxtayevumid55@gmail.com
2025-12-01T18:24:03.319Z | info | LOGIN SUCCESS: tuxtayevumid55@gmail.com
2025-12-01T18:24:03.656Z | debug | AUTH: Authorized user tuxtayevumid55@gmail.com
2025-12-01T18:24:03.656Z | debug | GET ALL CATIGORI REQUEST: tuxtayevumid55@gmail.com
2025-12-01T18:24:03.674Z | debug | AUTH: Authorized user tuxtayevumid55@gmail.com
2025-12-01T18:24:03.675Z | debug | GET ALL CATIGORI REQUEST: tuxtayevumid55@gmail.com
2025-12-01T18:24:52.749Z | debug | LOGIN REQUEST: tuxtayevumid55@gmail.com
2025-12-01T18:24:52.815Z | info | LOGIN SUCCESS: tuxtayevumid55@gmail.com
2025-12-01T18:25:22.761Z | debug | LOGIN REQUEST: tuxtayevumid55@gmail.com
2025-12-01T18:25:22.830Z | info | LOGIN SUCCESS: tuxtayevumid55@gmail.com
2025-12-01T18:25:31.796Z | debug | AUTH: Authorized user tuxtayevumid55@gmail.com
2025-12-01T18:25:31.797Z | debug | GET ALL CATIGORI REQUEST: tuxtayevumid55@gmail.com
2025-12-01T18:25:31.814Z | debug | AUTH: Authorized user tuxtayevumid55@gmail.com
2025-12-01T18:25:31.814Z | debug | GET ALL CATIGORI REQUEST: tuxtayevumid55@gmail.com
2025-12-01T18:25:44.963Z | debug | LOGIN REQUEST: tuxtayevumid55@gmail.com
2025-12-01T18:25:45.029Z | info | LOGIN SUCCESS: tuxtayevumid55@gmail.com
2025-12-01T18:25:57.848Z | debug | AUTH: Authorized user tuxtayevumid55@gmail.com
2025-12-01T18:25:57.849Z | debug | GET ALL CATIGORI REQUEST: tuxtayevumid55@gmail.com
2025-12-01T18:25:57.862Z | debug | AUTH: Authorized user tuxtayevumid55@gmail.com
2025-12-01T18:25:57.863Z | debug | GET ALL CATIGORI REQUEST: tuxtayevumid55@gmail.com
2025-12-01T18:26:15.878Z | debug | LOGIN REQUEST: tuxtayevumid55@gmail.com
2025-12-01T18:26:15.942Z | info | LOGIN SUCCESS: tuxtayevumid55@gmail.com
2025-12-01T18:26:32.429Z | debug | AUTH: Authorized user tuxtayevumid55@gmail.com
2025-12-01T18:26:32.430Z | debug | GET ALL CATIGORI REQUEST: tuxtayevumid55@gmail.com
2025-12-01T18:26:34.461Z | debug | AUTH: Authorized user tuxtayevumid55@gmail.com
2025-12-01T18:26:34.462Z | debug | GET ALL CATIGORI REQUEST: tuxtayevumid55@gmail.com
2025-12-01T18:33:45.013Z | warn | AUTH: Invalid or expired access token
2025-12-01T18:33:45.023Z | warn | AUTH: Invalid or expired access token
2025-12-01T18:33:45.035Z | error | REFRESH ERROR: ClientError: Token missing !
2025-12-01T18:33:45.039Z | error | REFRESH ERROR: ClientError: Token missing !
2025-12-01T18:33:52.253Z | warn | AUTH: Invalid or expired access token
2025-12-01T18:33:52.261Z | warn | AUTH: Invalid or expired access token
2025-12-01T18:33:52.276Z | error | REFRESH ERROR: ClientError: Token missing !
2025-12-01T18:33:52.280Z | error | REFRESH ERROR: ClientError: Token missing !
2025-12-01T18:33:59.390Z | warn | AUTH: Invalid or expired access token
2025-12-01T18:33:59.422Z | warn | AUTH: Invalid or expired access token
2025-12-01T18:33:59.439Z | error | REFRESH ERROR: ClientError: Token missing !
2025-12-01T18:33:59.446Z | error | REFRESH ERROR: ClientError: Token missing !
2025-12-01T18:39:59.078Z | info | Server is running on http://127.0.0.1:4000
2025-12-01T18:39:59.118Z | info | DB connection
2025-12-01T18:40:03.736Z | info | Server is running on http://127.0.0.1:4000
2025-12-01T18:40:03.765Z | info | DB connection
2025-12-01T18:40:06.261Z | info | Server is running on http://127.0.0.1:4000
2025-12-01T18:40:06.287Z | info | DB connection
2025-12-01T18:40:31.533Z | info | Server is running on http://127.0.0.1:4000
2025-12-01T18:40:31.558Z | info | DB connection
2025-12-01T18:40:42.488Z | info | Server is running on http://127.0.0.1:4000
2025-12-01T18:40:42.516Z | info | DB connection
2025-12-01T18:41:18.061Z | info | Server is running on http://127.0.0.1:4000
2025-12-01T18:41:18.093Z | info | DB connection
2025-12-01T18:41:32.156Z | info | Server is running on http://127.0.0.1:4000
2025-12-01T18:41:32.206Z | info | DB connection
2025-12-01T18:41:34.357Z | info | Server is running on http://127.0.0.1:4000
2025-12-01T18:41:34.382Z | info | DB connection
2025-12-01T18:41:49.795Z | info | Server is running on http://127.0.0.1:4000
2025-12-01T18:41:49.833Z | info | DB connection
2025-12-01T18:41:51.256Z | info | Server is running on http://127.0.0.1:4000
2025-12-01T18:41:51.281Z | info | DB connection
2025-12-01T18:42:08.106Z | info | Server is running on http://127.0.0.1:4000
2025-12-01T18:42:08.130Z | info | DB connection
2025-12-01T18:42:09.660Z | info | Server is running on http://127.0.0.1:4000
2025-12-01T18:42:09.687Z | info | DB connection
2025-12-01T18:42:37.803Z | debug | LOGIN REQUEST: tuxtayevumid55@gmail.com
2025-12-01T18:42:37.946Z | info | LOGIN SUCCESS: tuxtayevumid55@gmail.com
2025-12-01T18:42:38.281Z | debug | AUTH: Authorized user tuxtayevumid55@gmail.com
2025-12-01T18:42:38.283Z | debug | GET ALL CATIGORI REQUEST: tuxtayevumid55@gmail.com
2025-12-01T18:42:38.305Z | debug | AUTH: Authorized user tuxtayevumid55@gmail.com
2025-12-01T18:42:38.306Z | debug | GET ALL CATIGORI REQUEST: tuxtayevumid55@gmail.com
2025-12-01T18:43:41.908Z | debug | AUTH: Authorized user tuxtayevumid55@gmail.com
2025-12-01T18:43:41.910Z | debug | GET ALL CATIGORI REQUEST: tuxtayevumid55@gmail.com
2025-12-01T18:43:41.930Z | debug | AUTH: Authorized user tuxtayevumid55@gmail.com
2025-12-01T18:43:41.931Z | debug | GET ALL CATIGORI REQUEST: tuxtayevumid55@gmail.com
2025-12-01T18:43:43.835Z | debug | AUTH: Authorized user tuxtayevumid55@gmail.com
2025-12-01T18:43:43.836Z | debug | GET ALL CATIGORI REQUEST: tuxtayevumid55@gmail.com
2025-12-01T18:43:43.852Z | debug | AUTH: Authorized user tuxtayevumid55@gmail.com
2025-12-01T18:43:43.853Z | debug | GET ALL CATIGORI REQUEST: tuxtayevumid55@gmail.com
2025-12-01T18:43:45.074Z | debug | AUTH: Authorized user tuxtayevumid55@gmail.com
2025-12-01T18:43:45.075Z | debug | GET ALL CATIGORI REQUEST: tuxtayevumid55@gmail.com
2025-12-01T18:43:45.096Z | debug | AUTH: Authorized user tuxtayevumid55@gmail.com
2025-12-01T18:43:45.097Z | debug | GET ALL CATIGORI REQUEST: tuxtayevumid55@gmail.com
2025-12-01T18:43:47.335Z | debug | AUTH: Authorized user tuxtayevumid55@gmail.com
2025-12-01T18:43:47.336Z | debug | GET ALL CATIGORI REQUEST: tuxtayevumid55@gmail.com
2025-12-01T18:43:47.357Z | debug | AUTH: Authorized user tuxtayevumid55@gmail.com
2025-12-01T18:43:47.358Z | debug | GET ALL CATIGORI REQUEST: tuxtayevumid55@gmail.com
2025-12-01T18:43:50.093Z | debug | AUTH: Authorized user tuxtayevumid55@gmail.com
2025-12-01T18:43:50.094Z | debug | GET ALL CATIGORI REQUEST: tuxtayevumid55@gmail.com
2025-12-01T18:43:50.115Z | debug | AUTH: Authorized user tuxtayevumid55@gmail.com
2025-12-01T18:43:50.116Z | debug | GET ALL CATIGORI REQUEST: tuxtayevumid55@gmail.com
2025-12-01T18:43:52.128Z | debug | AUTH: Authorized user tuxtayevumid55@gmail.com
2025-12-01T18:43:52.130Z | debug | GET ALL CATIGORI REQUEST: tuxtayevumid55@gmail.com
2025-12-01T18:43:52.152Z | debug | AUTH: Authorized user tuxtayevumid55@gmail.com
2025-12-01T18:43:52.154Z | debug | GET ALL CATIGORI REQUEST: tuxtayevumid55@gmail.com
2025-12-01T18:43:54.761Z | debug | AUTH: Authorized user tuxtayevumid55@gmail.com
2025-12-01T18:43:54.762Z | debug | GET ALL CATIGORI REQUEST: tuxtayevumid55@gmail.com
2025-12-01T18:43:54.778Z | debug | AUTH: Authorized user tuxtayevumid55@gmail.com
2025-12-01T18:43:54.779Z | debug | GET ALL CATIGORI REQUEST: tuxtayevumid55@gmail.com
2025-12-01T18:45:50.932Z | warn | AUTH: Invalid or expired access token
2025-12-01T18:45:50.943Z | warn | AUTH: Invalid or expired access token
2025-12-01T18:45:50.959Z | error | REFRESH ERROR: ClientError: Token missing !
2025-12-01T18:45:50.966Z | error | REFRESH ERROR: ClientError: Token missing !
2025-12-01T18:48:04.656Z | info | Server is running on http://127.0.0.1:4000
2025-12-01T18:48:04.688Z | info | DB connection
2025-12-01T18:48:44.404Z | info | Server is running on http://127.0.0.1:4000
2025-12-01T18:48:44.442Z | info | DB connection
2025-12-01T18:48:45.810Z | info | Server is running on http://127.0.0.1:4000
2025-12-01T18:48:45.839Z | info | DB connection
2025-12-01T18:49:30.132Z | info | Server is running on http://127.0.0.1:4000
2025-12-01T18:49:30.160Z | info | DB connection
2025-12-01T18:49:34.924Z | info | Server is running on http://127.0.0.1:4000
2025-12-01T18:49:34.952Z | info | DB connection
2025-12-01T18:49:41.182Z | info | Server is running on http://127.0.0.1:4000
2025-12-01T18:49:41.208Z | info | DB connection
2025-12-01T18:53:00.455Z | debug | LOGIN REQUEST: tuxtayevumid55@gmail.com
2025-12-01T18:53:00.634Z | info | LOGIN SUCCESS: tuxtayevumid55@gmail.com
2025-12-01T18:53:00.976Z | debug | AUTH: Authorized user tuxtayevumid55@gmail.com
2025-12-01T18:53:00.978Z | debug | GET ALL CATIGORI REQUEST: tuxtayevumid55@gmail.com
2025-12-01T18:53:01.002Z | debug | AUTH: Authorized user tuxtayevumid55@gmail.com
2025-12-01T18:53:01.003Z | debug | GET ALL CATIGORI REQUEST: tuxtayevumid55@gmail.com
2025-12-01T18:54:30.517Z | debug | AUTH: Authorized user tuxtayevumid55@gmail.com
2025-12-01T18:54:30.520Z | debug | GET ALL CATIGORI REQUEST: tuxtayevumid55@gmail.com
2025-12-01T18:54:30.561Z | debug | AUTH: Authorized user tuxtayevumid55@gmail.com
2025-12-01T18:54:30.562Z | debug | GET ALL CATIGORI REQUEST: tuxtayevumid55@gmail.com
2025-12-01T18:54:33.343Z | debug | AUTH: Authorized user tuxtayevumid55@gmail.com
2025-12-01T18:54:33.343Z | debug | GET ALL CATIGORI REQUEST: tuxtayevumid55@gmail.com
2025-12-01T18:54:33.359Z | debug | AUTH: Authorized user tuxtayevumid55@gmail.com
2025-12-01T18:54:33.361Z | debug | GET ALL CATIGORI REQUEST: tuxtayevumid55@gmail.com
2025-12-01T18:55:48.522Z | warn | AUTH: Invalid or expired access token
2025-12-01T18:55:48.532Z | warn | AUTH: Invalid or expired access token
2025-12-01T18:55:48.549Z | error | REFRESH ERROR: ClientError: Token missing !
2025-12-01T18:55:48.555Z | error | REFRESH ERROR: ClientError: Token missing !
2025-12-01T18:55:53.032Z | debug | LOGIN REQUEST: tuxtayevumid55@gmail.com
2025-12-01T18:55:53.130Z | info | LOGIN SUCCESS: tuxtayevumid55@gmail.com
2025-12-01T18:56:48.819Z | info | REFRESH SUCCESS: eyJhbGciOiJIUzI1NiIsInR5cCI6IkpXVCJ9.eyJpZCI6IjY5MWEzOTdhYmVkMjNhNWQ3OWUxZDFkOCIsInVzZXJBZ2VudCI6IlBvc3RtYW5SdW50aW1lLzcuNDkuMSIsInJvbGUiOiJ1c2VyIiwiaWF0IjoxNzY0NjE1MzUzLCJleHAiOjE3NjUyMjAxNTN9.XKM2RDF2an189IuIx1ZW89zL6nuXfq1gPqASNnHlTZ4
2025-12-01T18:57:27.829Z | warn | AUTH: Invalid or expired access token
2025-12-01T18:57:27.839Z | warn | AUTH: Invalid or expired access token
2025-12-01T18:57:27.848Z | error | REFRESH ERROR: ClientError: Token missing !
2025-12-01T18:57:27.853Z | error | REFRESH ERROR: ClientError: Token missing !
2025-12-01T18:57:53.472Z | warn | AUTH: Invalid or expired access token
2025-12-01T18:57:53.479Z | warn | AUTH: Invalid or expired access token
2025-12-01T18:57:53.490Z | error | REFRESH ERROR: ClientError: Token missing !
2025-12-01T18:57:53.493Z | error | REFRESH ERROR: ClientError: Token missing !
2025-12-01T18:57:58.067Z | info | REFRESH SUCCESS: eyJhbGciOiJIUzI1NiIsInR5cCI6IkpXVCJ9.eyJpZCI6IjY5MWEzOTdhYmVkMjNhNWQ3OWUxZDFkOCIsInVzZXJBZ2VudCI6IlBvc3RtYW5SdW50aW1lLzcuNDkuMSIsInJvbGUiOiJ1c2VyIiwiaWF0IjoxNzY0NjE1NDA4LCJleHAiOjE3NjUyMjAyMDh9.XioTvzBosVkylP1BqpovkNmqt7mpnengMyV2868im9A
2025-12-01T18:58:30.667Z | warn | AUTH: Agent mismatch
2025-12-01T18:58:30.681Z | warn | AUTH: Agent mismatch
2025-12-01T18:58:30.686Z | error | REFRESH ERROR: ClientError: Token missing !
2025-12-01T18:58:38.684Z | debug | LOGIN REQUEST: tuxtayevumid55@gmail.com
2025-12-01T18:58:38.759Z | info | LOGIN SUCCESS: tuxtayevumid55@gmail.com
2025-12-01T18:58:39.134Z | debug | AUTH: Authorized user tuxtayevumid55@gmail.com
2025-12-01T18:58:39.135Z | debug | GET ALL CATIGORI REQUEST: tuxtayevumid55@gmail.com
2025-12-01T18:58:39.152Z | debug | AUTH: Authorized user tuxtayevumid55@gmail.com
2025-12-01T18:58:39.153Z | debug | GET ALL CATIGORI REQUEST: tuxtayevumid55@gmail.com
2025-12-01T18:58:44.143Z | info | REFRESH SUCCESS: eyJhbGciOiJIUzI1NiIsInR5cCI6IkpXVCJ9.eyJpZCI6IjY5MWEzOTdhYmVkMjNhNWQ3OWUxZDFkOCIsInVzZXJBZ2VudCI6IlBvc3RtYW5SdW50aW1lLzcuNDkuMSIsInJvbGUiOiJ1c2VyIiwiaWF0IjoxNzY0NjE1NDc4LCJleHAiOjE3NjUyMjAyNzh9.WcIU9ndblvs073C_wam03ch18KkiM2Dgxka32c7DwHA
2025-12-01T18:58:45.393Z | info | REFRESH SUCCESS: eyJhbGciOiJIUzI1NiIsInR5cCI6IkpXVCJ9.eyJpZCI6IjY5MWEzOTdhYmVkMjNhNWQ3OWUxZDFkOCIsInVzZXJBZ2VudCI6IlBvc3RtYW5SdW50aW1lLzcuNDkuMSIsInJvbGUiOiJ1c2VyIiwiaWF0IjoxNzY0NjE1NTI0LCJleHAiOjE3NjUyMjAzMjR9.W2EUEsUFeu3r-XYuDfRBTlD8joZXGwJ1nk9HbDjtyRs
2025-12-01T18:58:48.132Z | debug | AUTH: Authorized user tuxtayevumid55@gmail.com
2025-12-01T18:58:48.133Z | debug | GET ALL CATIGORI REQUEST: tuxtayevumid55@gmail.com
2025-12-01T18:58:48.149Z | debug | AUTH: Authorized user tuxtayevumid55@gmail.com
2025-12-01T18:58:48.150Z | debug | GET ALL CATIGORI REQUEST: tuxtayevumid55@gmail.com
2025-12-01T18:58:50.176Z | debug | AUTH: Authorized user tuxtayevumid55@gmail.com
2025-12-01T18:58:50.177Z | debug | GET ALL CATIGORI REQUEST: tuxtayevumid55@gmail.com
2025-12-01T18:58:50.195Z | debug | AUTH: Authorized user tuxtayevumid55@gmail.com
2025-12-01T18:58:50.196Z | debug | GET ALL CATIGORI REQUEST: tuxtayevumid55@gmail.com
2025-12-01T18:58:52.564Z | debug | AUTH: Authorized user tuxtayevumid55@gmail.com
2025-12-01T18:58:52.564Z | debug | GET ALL CATIGORI REQUEST: tuxtayevumid55@gmail.com
2025-12-01T18:58:52.578Z | debug | AUTH: Authorized user tuxtayevumid55@gmail.com
2025-12-01T18:58:52.578Z | debug | GET ALL CATIGORI REQUEST: tuxtayevumid55@gmail.com
2025-12-01T18:58:56.581Z | debug | AUTH: Authorized user tuxtayevumid55@gmail.com
2025-12-01T18:58:56.582Z | debug | GET ALL CATIGORI REQUEST: tuxtayevumid55@gmail.com
2025-12-01T18:58:56.595Z | debug | AUTH: Authorized user tuxtayevumid55@gmail.com
2025-12-01T18:58:56.596Z | debug | GET ALL CATIGORI REQUEST: tuxtayevumid55@gmail.com
2025-12-01T18:59:08.653Z | info | Server is running on http://127.0.0.1:4000
2025-12-01T18:59:08.687Z | info | DB connection
2025-12-01T18:59:10.043Z | info | Server is running on http://127.0.0.1:4000
2025-12-01T18:59:10.077Z | info | DB connection
2025-12-01T18:59:13.671Z | info | Server is running on http://127.0.0.1:4000
2025-12-01T18:59:13.710Z | info | DB connection
2025-12-01T18:59:20.007Z | info | Server is running on http://127.0.0.1:4000
2025-12-01T18:59:20.048Z | info | DB connection
2025-12-01T18:59:41.262Z | info | Server is running on http://127.0.0.1:4000
2025-12-01T18:59:41.304Z | info | DB connection
